{
  "RSpec": {
    "coverage": {
      "/Users/asrat/HOME/self/mks/BUNNA/bscf-core/app/controllers/bscf/core/application_controller.rb": {
        "lines": [
          0,
          0,
          0,
          0,
          0,
          0
        ],
        "branches": {}
      },
      "/Users/asrat/HOME/self/mks/BUNNA/bscf-core/app/jobs/bscf/core/application_job.rb": {
        "lines": [
          0,
          0,
          0,
          0,
          0,
          0
        ],
        "branches": {}
      },
      "/Users/asrat/HOME/self/mks/BUNNA/bscf-core/app/mailers/bscf/core/application_mailer.rb": {
        "lines": [
          0,
          0,
          0,
          0,
          0,
          0,
          0,
          0
        ],
        "branches": {}
      },
      "/Users/asrat/HOME/self/mks/BUNNA/bscf-core/app/models/bscf/core/application_record.rb": {
        "lines": [
          0,
          0,
          0,
          0,
          0,
          0,
          0
        ],
        "branches": {}
      }
    },
    "timestamp": 1742821963
  }
}
